# JRE version: Java(TM) SE Runtime Environment (8.0_241-b07) (build 1.8.0_241-b07)
# Java VM: Java HotSpot(TM) 64-Bit Server VM (25.241-b07 mixed mode windows-amd64 compressed oops)
Heap:
 PSYoungGen      total 579072K, used 153563K [0x00000000d5580000, 0x0000000100000000, 0x0000000100000000)
  eden space 529408K, 19% used [0x00000000d5580000,0x00000000dbaf7718,0x00000000f5a80000)
  from space 49664K, 99% used [0x00000000f5a80000,0x00000000f8aff5c8,0x00000000f8b00000)
  to   space 60928K, 0% used [0x00000000fc480000,0x00000000fc480000,0x0000000100000000)
 ParOldGen       total 266240K, used 74732K [0x0000000080000000, 0x0000000090400000, 0x00000000d5580000)
  object space 266240K, 28% used [0x0000000080000000,0x00000000848fb1d0,0x0000000090400000)
 Metaspace       used 146143K, capacity 152632K, committed 152832K, reserved 1181696K
  class space    used 19188K, capacity 20391K, committed 20480K, reserved 1048576K
GC Heap History (10 events):
Event: 42.017 GC heap before
{Heap before GC invocations=19 (full 4):
 PSYoungGen      total 395776K, used 390202K [0x00000000d5580000, 0x00000000f1f00000, 0x0000000100000000)
  eden space 350208K, 100% used [0x00000000d5580000,0x00000000eab80000,0x00000000eab80000)
  from space 45568K, 87% used [0x00000000edd00000,0x00000000f040ebd0,0x00000000f0980000)
  to   space 50688K, 0% used [0x00000000eab80000,0x00000000eab80000,0x00000000edd00000)
 ParOldGen       total 266240K, used 63393K [0x0000000080000000, 0x0000000090400000, 0x00000000d5580000)
  object space 266240K, 23% used [0x0000000080000000,0x0000000083de8678,0x0000000090400000)
 Metaspace       used 98870K, capacity 104022K, committed 104448K, reserved 1138688K
  class space    used 13536K, capacity 14447K, committed 14592K, reserved 1048576K
Event: 42.037 GC heap after
Heap after GC invocations=19 (full 4):
 PSYoungGen      total 400896K, used 30276K [0x00000000d5580000, 0x00000000f6c80000, 0x0000000100000000)
  eden space 350208K, 0% used [0x00000000d5580000,0x00000000d5580000,0x00000000eab80000)
  from space 50688K, 59% used [0x00000000eab80000,0x00000000ec911190,0x00000000edd00000)
  to   space 51200K, 0% used [0x00000000f3a80000,0x00000000f3a80000,0x00000000f6c80000)
 ParOldGen       total 266240K, used 63401K [0x0000000080000000, 0x0000000090400000, 0x00000000d5580000)
  object space 266240K, 23% used [0x0000000080000000,0x0000000083dea678,0x0000000090400000)
 Metaspace       used 98870K, capacity 104022K, committed 104448K, reserved 1138688K
  class space    used 13536K, capacity 14447K, committed 14592K, reserved 1048576K
}
Event: 42.593 GC heap before
{Heap before GC invocations=20 (full 4):
 PSYoungGen      total 400896K, used 380484K [0x00000000d5580000, 0x00000000f6c80000, 0x0000000100000000)
  eden space 350208K, 100% used [0x00000000d5580000,0x00000000eab80000,0x00000000eab80000)
  from space 50688K, 59% used [0x00000000eab80000,0x00000000ec911190,0x00000000edd00000)
  to   space 51200K, 0% used [0x00000000f3a80000,0x00000000f3a80000,0x00000000f6c80000)
 ParOldGen       total 266240K, used 63401K [0x0000000080000000, 0x0000000090400000, 0x00000000d5580000)
  object space 266240K, 23% used [0x0000000080000000,0x0000000083dea678,0x0000000090400000)
 Metaspace       used 99565K, capacity 104734K, committed 105216K, reserved 1140736K
  class space    used 13594K, capacity 14525K, committed 14592K, reserved 1048576K
Event: 42.612 GC heap after
Heap after GC invocations=20 (full 4):
 PSYoungGen      total 497152K, used 27228K [0x00000000d5580000, 0x00000000f7000000, 0x0000000100000000)
  eden space 445952K, 0% used [0x00000000d5580000,0x00000000d5580000,0x00000000f0900000)
  from space 51200K, 53% used [0x00000000f3a80000,0x00000000f5517038,0x00000000f6c80000)
  to   space 50688K, 0% used [0x00000000f0900000,0x00000000f0900000,0x00000000f3a80000)
 ParOldGen       total 266240K, used 63409K [0x0000000080000000, 0x0000000090400000, 0x00000000d5580000)
  object space 266240K, 23% used [0x0000000080000000,0x0000000083dec678,0x0000000090400000)
 Metaspace       used 99565K, capacity 104734K, committed 105216K, reserved 1140736K
  class space    used 13594K, capacity 14525K, committed 14592K, reserved 1048576K
}
Event: 43.492 GC heap before
{Heap before GC invocations=21 (full 4):
 PSYoungGen      total 497152K, used 473180K [0x00000000d5580000, 0x00000000f7000000, 0x0000000100000000)
  eden space 445952K, 100% used [0x00000000d5580000,0x00000000f0900000,0x00000000f0900000)
  from space 51200K, 53% used [0x00000000f3a80000,0x00000000f5517038,0x00000000f6c80000)
  to   space 50688K, 0% used [0x00000000f0900000,0x00000000f0900000,0x00000000f3a80000)
 ParOldGen       total 266240K, used 63409K [0x0000000080000000, 0x0000000090400000, 0x00000000d5580000)
  object space 266240K, 23% used [0x0000000080000000,0x0000000083dec678,0x0000000090400000)
 Metaspace       used 103153K, capacity 108842K, committed 109056K, reserved 1142784K
  class space    used 13968K, capacity 14981K, committed 15104K, reserved 1048576K
Event: 43.516 GC heap after
Heap after GC invocations=21 (full 4):
 PSYoungGen      total 496640K, used 32441K [0x00000000d5580000, 0x00000000fc080000, 0x0000000100000000)
  eden space 445952K, 0% used [0x00000000d5580000,0x00000000d5580000,0x00000000f0900000)
  from space 50688K, 64% used [0x00000000f0900000,0x00000000f28ae5f0,0x00000000f3a80000)
  to   space 51712K, 0% used [0x00000000f8e00000,0x00000000f8e00000,0x00000000fc080000)
 ParOldGen       total 266240K, used 63417K [0x0000000080000000, 0x0000000090400000, 0x00000000d5580000)
  object space 266240K, 23% used [0x0000000080000000,0x0000000083dee678,0x0000000090400000)
 Metaspace       used 103153K, capacity 108842K, committed 109056K, reserved 1142784K
  class space    used 13968K, capacity 14981K, committed 15104K, reserved 1048576K
}
Event: 44.309 GC heap before
{Heap before GC invocations=22 (full 4):
 PSYoungGen      total 496640K, used 478393K [0x00000000d5580000, 0x00000000fc080000, 0x0000000100000000)
  eden space 445952K, 100% used [0x00000000d5580000,0x00000000f0900000,0x00000000f0900000)
  from space 50688K, 64% used [0x00000000f0900000,0x00000000f28ae5f0,0x00000000f3a80000)
  to   space 51712K, 0% used [0x00000000f8e00000,0x00000000f8e00000,0x00000000fc080000)
 ParOldGen       total 266240K, used 63417K [0x0000000080000000, 0x0000000090400000, 0x00000000d5580000)
  object space 266240K, 23% used [0x0000000080000000,0x0000000083dee678,0x0000000090400000)
 Metaspace       used 106200K, capacity 111968K, committed 112128K, reserved 1146880K
  class space    used 14275K, capacity 15336K, committed 15360K, reserved 1048576K
Event: 44.329 GC heap after
Heap after GC invocations=22 (full 4):
 PSYoungGen      total 576000K, used 25699K [0x00000000d5580000, 0x00000000fbb80000, 0x0000000100000000)
  eden space 529408K, 0% used [0x00000000d5580000,0x00000000d5580000,0x00000000f5a80000)
  from space 46592K, 55% used [0x00000000f8e00000,0x00000000fa718c98,0x00000000fbb80000)
  to   space 49664K, 0% used [0x00000000f5a80000,0x00000000f5a80000,0x00000000f8b00000)
 ParOldGen       total 266240K, used 63425K [0x0000000080000000, 0x0000000090400000, 0x00000000d5580000)
  object space 266240K, 23% used [0x0000000080000000,0x0000000083df0678,0x0000000090400000)
 Metaspace       used 106200K, capacity 111968K, committed 112128K, reserved 1146880K
  class space    used 14275K, capacity 15336K, committed 15360K, reserved 1048576K
}
Event: 48.967 GC heap before
{Heap before GC invocations=23 (full 4):
 PSYoungGen      total 576000K, used 555107K [0x00000000d5580000, 0x00000000fbb80000, 0x0000000100000000)
  eden space 529408K, 100% used [0x00000000d5580000,0x00000000f5a80000,0x00000000f5a80000)
  from space 46592K, 55% used [0x00000000f8e00000,0x00000000fa718c98,0x00000000fbb80000)
  to   space 49664K, 0% used [0x00000000f5a80000,0x00000000f5a80000,0x00000000f8b00000)
 ParOldGen       total 266240K, used 63425K [0x0000000080000000, 0x0000000090400000, 0x00000000d5580000)
  object space 266240K, 23% used [0x0000000080000000,0x0000000083df0678,0x0000000090400000)
 Metaspace       used 145434K, capacity 151916K, committed 152320K, reserved 1181696K
  class space    used 19187K, capacity 20391K, committed 20480K, reserved 1048576K
Event: 49.031 GC heap after
Heap after GC invocations=23 (full 4):
 PSYoungGen      total 579072K, used 49661K [0x00000000d5580000, 0x0000000100000000, 0x0000000100000000)
  eden space 529408K, 0% used [0x00000000d5580000,0x00000000d5580000,0x00000000f5a80000)
  from space 49664K, 99% used [0x00000000f5a80000,0x00000000f8aff5c8,0x00000000f8b00000)
  to   space 60928K, 0% used [0x00000000fc480000,0x00000000fc480000,0x0000000100000000)
 ParOldGen       total 266240K, used 74732K [0x0000000080000000, 0x0000000090400000, 0x00000000d5580000)
  object space 266240K, 28% used [0x0000000080000000,0x00000000848fb1d0,0x0000000090400000)
 Metaspace       used 145434K, capacity 151916K, committed 152320K, reserved 1181696K
  class space    used 19187K, capacity 20391K, committed 20480K, reserved 1048576K
}

