# JRE version: Java(TM) SE Runtime Environment (8.0_241-b07) (build 1.8.0_241-b07)
# Java VM: Java HotSpot(TM) 64-Bit Server VM (25.241-b07 mixed mode windows-amd64 compressed oops)
Heap:
 PSYoungGen      total 516608K, used 368942K [0x00000000d5580000, 0x00000000fc480000, 0x0000000100000000)
  eden space 478720K, 71% used [0x00000000d5580000,0x00000000ea362a00,0x00000000f2900000)
  from space 37888K, 71% used [0x00000000f2900000,0x00000000f4368f10,0x00000000f4e00000)
  to   space 38912K, 0% used [0x00000000f9e80000,0x00000000f9e80000,0x00000000fc480000)
 ParOldGen       total 301056K, used 82550K [0x0000000080000000, 0x0000000092600000, 0x00000000d5580000)
  object space 301056K, 27% used [0x0000000080000000,0x000000008509d828,0x0000000092600000)
 Metaspace       used 106934K, capacity 112320K, committed 112512K, reserved 1146880K
  class space    used 14247K, capacity 15216K, committed 15232K, reserved 1048576K
GC Heap History (10 events):
Event: 28.287 GC heap before
{Heap before GC invocations=21 (full 4):
 PSYoungGen      total 393216K, used 379290K [0x00000000d5580000, 0x00000000f0400000, 0x0000000100000000)
  eden space 349696K, 100% used [0x00000000d5580000,0x00000000eab00000,0x00000000eab00000)
  from space 43520K, 68% used [0x00000000ed680000,0x00000000ef366a68,0x00000000f0100000)
  to   space 44544K, 0% used [0x00000000eab00000,0x00000000eab00000,0x00000000ed680000)
 ParOldGen       total 301056K, used 82510K [0x0000000080000000, 0x0000000092600000, 0x00000000d5580000)
  object space 301056K, 27% used [0x0000000080000000,0x0000000085093828,0x0000000092600000)
 Metaspace       used 97920K, capacity 102796K, committed 103680K, reserved 1138688K
  class space    used 13255K, capacity 14182K, committed 14336K, reserved 1048576K
Event: 28.302 GC heap after
Heap after GC invocations=21 (full 4):
 PSYoungGen      total 394240K, used 18207K [0x00000000d5580000, 0x00000000f3a00000, 0x0000000100000000)
  eden space 349696K, 0% used [0x00000000d5580000,0x00000000d5580000,0x00000000eab00000)
  from space 44544K, 40% used [0x00000000eab00000,0x00000000ebcc7ed0,0x00000000ed680000)
  to   space 43008K, 0% used [0x00000000f1000000,0x00000000f1000000,0x00000000f3a00000)
 ParOldGen       total 301056K, used 82518K [0x0000000080000000, 0x0000000092600000, 0x00000000d5580000)
  object space 301056K, 27% used [0x0000000080000000,0x0000000085095828,0x0000000092600000)
 Metaspace       used 97920K, capacity 102796K, committed 103680K, reserved 1138688K
  class space    used 13255K, capacity 14182K, committed 14336K, reserved 1048576K
}
Event: 28.823 GC heap before
{Heap before GC invocations=22 (full 4):
 PSYoungGen      total 394240K, used 367903K [0x00000000d5580000, 0x00000000f3a00000, 0x0000000100000000)
  eden space 349696K, 100% used [0x00000000d5580000,0x00000000eab00000,0x00000000eab00000)
  from space 44544K, 40% used [0x00000000eab00000,0x00000000ebcc7ed0,0x00000000ed680000)
  to   space 43008K, 0% used [0x00000000f1000000,0x00000000f1000000,0x00000000f3a00000)
 ParOldGen       total 301056K, used 82518K [0x0000000080000000, 0x0000000092600000, 0x00000000d5580000)
  object space 301056K, 27% used [0x0000000080000000,0x0000000085095828,0x0000000092600000)
 Metaspace       used 98541K, capacity 103440K, committed 104192K, reserved 1138688K
  class space    used 13287K, capacity 14226K, committed 14336K, reserved 1048576K
Event: 28.837 GC heap after
Heap after GC invocations=22 (full 4):
 PSYoungGen      total 446976K, used 20479K [0x00000000d5580000, 0x00000000f3500000, 0x0000000100000000)
  eden space 409088K, 0% used [0x00000000d5580000,0x00000000d5580000,0x00000000ee500000)
  from space 37888K, 54% used [0x00000000f1000000,0x00000000f23ffc78,0x00000000f3500000)
  to   space 40960K, 0% used [0x00000000ee500000,0x00000000ee500000,0x00000000f0d00000)
 ParOldGen       total 301056K, used 82526K [0x0000000080000000, 0x0000000092600000, 0x00000000d5580000)
  object space 301056K, 27% used [0x0000000080000000,0x0000000085097828,0x0000000092600000)
 Metaspace       used 98541K, capacity 103440K, committed 104192K, reserved 1138688K
  class space    used 13287K, capacity 14226K, committed 14336K, reserved 1048576K
}
Event: 29.352 GC heap before
{Heap before GC invocations=23 (full 4):
 PSYoungGen      total 446976K, used 429567K [0x00000000d5580000, 0x00000000f3500000, 0x0000000100000000)
  eden space 409088K, 100% used [0x00000000d5580000,0x00000000ee500000,0x00000000ee500000)
  from space 37888K, 54% used [0x00000000f1000000,0x00000000f23ffc78,0x00000000f3500000)
  to   space 40960K, 0% used [0x00000000ee500000,0x00000000ee500000,0x00000000f0d00000)
 ParOldGen       total 301056K, used 82526K [0x0000000080000000, 0x0000000092600000, 0x00000000d5580000)
  object space 301056K, 27% used [0x0000000080000000,0x0000000085097828,0x0000000092600000)
 Metaspace       used 98840K, capacity 103742K, committed 104448K, reserved 1138688K
  class space    used 13289K, capacity 14227K, committed 14336K, reserved 1048576K
Event: 29.370 GC heap after
Heap after GC invocations=23 (full 4):
 PSYoungGen      total 450048K, used 20651K [0x00000000d5580000, 0x00000000f7680000, 0x0000000100000000)
  eden space 409088K, 0% used [0x00000000d5580000,0x00000000d5580000,0x00000000ee500000)
  from space 40960K, 50% used [0x00000000ee500000,0x00000000ef92ae80,0x00000000f0d00000)
  to   space 38912K, 0% used [0x00000000f5080000,0x00000000f5080000,0x00000000f7680000)
 ParOldGen       total 301056K, used 82534K [0x0000000080000000, 0x0000000092600000, 0x00000000d5580000)
  object space 301056K, 27% used [0x0000000080000000,0x0000000085099828,0x0000000092600000)
 Metaspace       used 98840K, capacity 103742K, committed 104448K, reserved 1138688K
  class space    used 13289K, capacity 14227K, committed 14336K, reserved 1048576K
}
Event: 29.858 GC heap before
{Heap before GC invocations=24 (full 4):
 PSYoungGen      total 450048K, used 429739K [0x00000000d5580000, 0x00000000f7680000, 0x0000000100000000)
  eden space 409088K, 100% used [0x00000000d5580000,0x00000000ee500000,0x00000000ee500000)
  from space 40960K, 50% used [0x00000000ee500000,0x00000000ef92ae80,0x00000000f0d00000)
  to   space 38912K, 0% used [0x00000000f5080000,0x00000000f5080000,0x00000000f7680000)
 ParOldGen       total 301056K, used 82534K [0x0000000080000000, 0x0000000092600000, 0x00000000d5580000)
  object space 301056K, 27% used [0x0000000080000000,0x0000000085099828,0x0000000092600000)
 Metaspace       used 99785K, capacity 104728K, committed 105344K, reserved 1140736K
  class space    used 13365K, capacity 14292K, committed 14464K, reserved 1048576K
Event: 29.871 GC heap after
Heap after GC invocations=24 (full 4):
 PSYoungGen      total 514048K, used 23634K [0x00000000d5580000, 0x00000000f7300000, 0x0000000100000000)
  eden space 478720K, 0% used [0x00000000d5580000,0x00000000d5580000,0x00000000f2900000)
  from space 35328K, 66% used [0x00000000f5080000,0x00000000f6794b20,0x00000000f7300000)
  to   space 37888K, 0% used [0x00000000f2900000,0x00000000f2900000,0x00000000f4e00000)
 ParOldGen       total 301056K, used 82542K [0x0000000080000000, 0x0000000092600000, 0x00000000d5580000)
  object space 301056K, 27% used [0x0000000080000000,0x000000008509b828,0x0000000092600000)
 Metaspace       used 99785K, capacity 104728K, committed 105344K, reserved 1140736K
  class space    used 13365K, capacity 14292K, committed 14464K, reserved 1048576K
}
Event: 30.570 GC heap before
{Heap before GC invocations=25 (full 4):
 PSYoungGen      total 514048K, used 502354K [0x00000000d5580000, 0x00000000f7300000, 0x0000000100000000)
  eden space 478720K, 100% used [0x00000000d5580000,0x00000000f2900000,0x00000000f2900000)
  from space 35328K, 66% used [0x00000000f5080000,0x00000000f6794b20,0x00000000f7300000)
  to   space 37888K, 0% used [0x00000000f2900000,0x00000000f2900000,0x00000000f4e00000)
 ParOldGen       total 301056K, used 82542K [0x0000000080000000, 0x0000000092600000, 0x00000000d5580000)
  object space 301056K, 27% used [0x0000000080000000,0x000000008509b828,0x0000000092600000)
 Metaspace       used 101000K, capacity 106072K, committed 106496K, reserved 1140736K
  class space    used 13505K, capacity 14428K, committed 14592K, reserved 1048576K
Event: 30.590 GC heap after
Heap after GC invocations=25 (full 4):
 PSYoungGen      total 516608K, used 27043K [0x00000000d5580000, 0x00000000fc480000, 0x0000000100000000)
  eden space 478720K, 0% used [0x00000000d5580000,0x00000000d5580000,0x00000000f2900000)
  from space 37888K, 71% used [0x00000000f2900000,0x00000000f4368f10,0x00000000f4e00000)
  to   space 38912K, 0% used [0x00000000f9e80000,0x00000000f9e80000,0x00000000fc480000)
 ParOldGen       total 301056K, used 82550K [0x0000000080000000, 0x0000000092600000, 0x00000000d5580000)
  object space 301056K, 27% used [0x0000000080000000,0x000000008509d828,0x0000000092600000)
 Metaspace       used 101000K, capacity 106072K, committed 106496K, reserved 1140736K
  class space    used 13505K, capacity 14428K, committed 14592K, reserved 1048576K
}

