# JRE version: Java(TM) SE Runtime Environment (8.0_241-b07) (build 1.8.0_241-b07)
# Java VM: Java HotSpot(TM) 64-Bit Server VM (25.241-b07 mixed mode windows-amd64 compressed oops)
Heap:
 PSYoungGen      total 460288K, used 389806K [0x00000000d5580000, 0x00000000f8880000, 0x0000000100000000)
  eden space 385536K, 97% used [0x00000000d5580000,0x00000000ec355fe8,0x00000000ece00000)
  from space 74752K, 20% used [0x00000000ece00000,0x00000000edcd5970,0x00000000f1700000)
  to   space 74240K, 0% used [0x00000000f4000000,0x00000000f4000000,0x00000000f8880000)
 ParOldGen       total 290816K, used 109354K [0x0000000080000000, 0x0000000091c00000, 0x00000000d5580000)
  object space 290816K, 37% used [0x0000000080000000,0x0000000086aca928,0x0000000091c00000)
 Metaspace       used 165777K, capacity 174922K, committed 175232K, reserved 1202176K
  class space    used 21122K, capacity 22789K, committed 22912K, reserved 1048576K
GC Heap History (10 events):
Event: 803.335 GC heap before
{Heap before GC invocations=24 (full 4):
 PSYoungGen      total 420864K, used 132434K [0x00000000d5580000, 0x00000000f5400000, 0x0000000100000000)
  eden space 361984K, 24% used [0x00000000d5580000,0x00000000dab9fbf8,0x00000000eb700000)
  from space 58880K, 75% used [0x00000000eb700000,0x00000000ee234ce8,0x00000000ef080000)
  to   space 62464K, 0% used [0x00000000f1700000,0x00000000f1700000,0x00000000f5400000)
 ParOldGen       total 290816K, used 109150K [0x0000000080000000, 0x0000000091c00000, 0x00000000d5580000)
  object space 290816K, 37% used [0x0000000080000000,0x0000000086a97b80,0x0000000091c00000)
 Metaspace       used 157291K, capacity 164262K, committed 164268K, reserved 1191936K
  class space    used 20288K, capacity 21626K, committed 21632K, reserved 1048576K
Event: 803.376 GC heap after
Heap after GC invocations=24 (full 4):
 PSYoungGen      total 454656K, used 52113K [0x00000000d5580000, 0x00000000f7680000, 0x0000000100000000)
  eden space 392192K, 0% used [0x00000000d5580000,0x00000000d5580000,0x00000000ed480000)
  from space 62464K, 83% used [0x00000000f1700000,0x00000000f49e44e8,0x00000000f5400000)
  to   space 68096K, 0% used [0x00000000ed480000,0x00000000ed480000,0x00000000f1700000)
 ParOldGen       total 290816K, used 109158K [0x0000000080000000, 0x0000000091c00000, 0x00000000d5580000)
  object space 290816K, 37% used [0x0000000080000000,0x0000000086a99b80,0x0000000091c00000)
 Metaspace       used 157291K, capacity 164262K, committed 164268K, reserved 1191936K
  class space    used 20288K, capacity 21626K, committed 21632K, reserved 1048576K
}
Event: 803.376 GC heap before
{Heap before GC invocations=25 (full 5):
 PSYoungGen      total 454656K, used 52113K [0x00000000d5580000, 0x00000000f7680000, 0x0000000100000000)
  eden space 392192K, 0% used [0x00000000d5580000,0x00000000d5580000,0x00000000ed480000)
  from space 62464K, 83% used [0x00000000f1700000,0x00000000f49e44e8,0x00000000f5400000)
  to   space 68096K, 0% used [0x00000000ed480000,0x00000000ed480000,0x00000000f1700000)
 ParOldGen       total 290816K, used 109158K [0x0000000080000000, 0x0000000091c00000, 0x00000000d5580000)
  object space 290816K, 37% used [0x0000000080000000,0x0000000086a99b80,0x0000000091c00000)
 Metaspace       used 157291K, capacity 164262K, committed 164268K, reserved 1191936K
  class space    used 20288K, capacity 21626K, committed 21632K, reserved 1048576K
Event: 803.625 GC heap after
Heap after GC invocations=25 (full 5):
 PSYoungGen      total 454656K, used 0K [0x00000000d5580000, 0x00000000f7680000, 0x0000000100000000)
  eden space 392192K, 0% used [0x00000000d5580000,0x00000000d5580000,0x00000000ed480000)
  from space 62464K, 0% used [0x00000000f1700000,0x00000000f1700000,0x00000000f5400000)
  to   space 68096K, 0% used [0x00000000ed480000,0x00000000ed480000,0x00000000f1700000)
 ParOldGen       total 290816K, used 108750K [0x0000000080000000, 0x0000000091c00000, 0x00000000d5580000)
  object space 290816K, 37% used [0x0000000080000000,0x0000000086a33810,0x0000000091c00000)
 Metaspace       used 157123K, capacity 163870K, committed 164268K, reserved 1191936K
  class space    used 20236K, capacity 21536K, committed 21632K, reserved 1048576K
}
Event: 816.396 GC heap before
{Heap before GC invocations=26 (full 5):
 PSYoungGen      total 454656K, used 392192K [0x00000000d5580000, 0x00000000f7680000, 0x0000000100000000)
  eden space 392192K, 100% used [0x00000000d5580000,0x00000000ed480000,0x00000000ed480000)
  from space 62464K, 0% used [0x00000000f1700000,0x00000000f1700000,0x00000000f5400000)
  to   space 68096K, 0% used [0x00000000ed480000,0x00000000ed480000,0x00000000f1700000)
 ParOldGen       total 290816K, used 108750K [0x0000000080000000, 0x0000000091c00000, 0x00000000d5580000)
  object space 290816K, 37% used [0x0000000080000000,0x0000000086a33810,0x0000000091c00000)
 Metaspace       used 158356K, capacity 165664K, committed 165888K, reserved 1193984K
  class space    used 20347K, capacity 21735K, committed 21760K, reserved 1048576K
Event: 816.440 GC heap after
Heap after GC invocations=26 (full 5):
 PSYoungGen      total 460288K, used 68076K [0x00000000d5580000, 0x00000000f7680000, 0x0000000100000000)
  eden space 392192K, 0% used [0x00000000d5580000,0x00000000d5580000,0x00000000ed480000)
  from space 68096K, 99% used [0x00000000ed480000,0x00000000f16fb1e8,0x00000000f1700000)
  to   space 62464K, 0% used [0x00000000f1700000,0x00000000f1700000,0x00000000f5400000)
 ParOldGen       total 290816K, used 109338K [0x0000000080000000, 0x0000000091c00000, 0x00000000d5580000)
  object space 290816K, 37% used [0x0000000080000000,0x0000000086ac6928,0x0000000091c00000)
 Metaspace       used 158356K, capacity 165664K, committed 165888K, reserved 1193984K
  class space    used 20347K, capacity 21735K, committed 21760K, reserved 1048576K
}
Event: 843.607 GC heap before
{Heap before GC invocations=27 (full 5):
 PSYoungGen      total 460288K, used 460268K [0x00000000d5580000, 0x00000000f7680000, 0x0000000100000000)
  eden space 392192K, 100% used [0x00000000d5580000,0x00000000ed480000,0x00000000ed480000)
  from space 68096K, 99% used [0x00000000ed480000,0x00000000f16fb1e8,0x00000000f1700000)
  to   space 62464K, 0% used [0x00000000f1700000,0x00000000f1700000,0x00000000f5400000)
 ParOldGen       total 290816K, used 109338K [0x0000000080000000, 0x0000000091c00000, 0x00000000d5580000)
  object space 290816K, 37% used [0x0000000080000000,0x0000000086ac6928,0x0000000091c00000)
 Metaspace       used 159609K, capacity 167560K, committed 167936K, reserved 1196032K
  class space    used 20463K, capacity 21889K, committed 22016K, reserved 1048576K
Event: 843.622 GC heap after
Heap after GC invocations=27 (full 5):
 PSYoungGen      total 448000K, used 35157K [0x00000000d5580000, 0x00000000f9a00000, 0x0000000100000000)
  eden space 385536K, 0% used [0x00000000d5580000,0x00000000d5580000,0x00000000ece00000)
  from space 62464K, 56% used [0x00000000f1700000,0x00000000f3955750,0x00000000f5400000)
  to   space 74752K, 0% used [0x00000000ece00000,0x00000000ece00000,0x00000000f1700000)
 ParOldGen       total 290816K, used 109346K [0x0000000080000000, 0x0000000091c00000, 0x00000000d5580000)
  object space 290816K, 37% used [0x0000000080000000,0x0000000086ac8928,0x0000000091c00000)
 Metaspace       used 159609K, capacity 167560K, committed 167936K, reserved 1196032K
  class space    used 20463K, capacity 21889K, committed 22016K, reserved 1048576K
}
Event: 875.669 GC heap before
{Heap before GC invocations=28 (full 5):
 PSYoungGen      total 448000K, used 420693K [0x00000000d5580000, 0x00000000f9a00000, 0x0000000100000000)
  eden space 385536K, 100% used [0x00000000d5580000,0x00000000ece00000,0x00000000ece00000)
  from space 62464K, 56% used [0x00000000f1700000,0x00000000f3955750,0x00000000f5400000)
  to   space 74752K, 0% used [0x00000000ece00000,0x00000000ece00000,0x00000000f1700000)
 ParOldGen       total 290816K, used 109346K [0x0000000080000000, 0x0000000091c00000, 0x00000000d5580000)
  object space 290816K, 37% used [0x0000000080000000,0x0000000086ac8928,0x0000000091c00000)
 Metaspace       used 163345K, capacity 172100K, committed 172288K, reserved 1200128K
  class space    used 20876K, capacity 22507K, committed 22528K, reserved 1048576K
Event: 875.684 GC heap after
Heap after GC invocations=28 (full 5):
 PSYoungGen      total 460288K, used 15190K [0x00000000d5580000, 0x00000000f8880000, 0x0000000100000000)
  eden space 385536K, 0% used [0x00000000d5580000,0x00000000d5580000,0x00000000ece00000)
  from space 74752K, 20% used [0x00000000ece00000,0x00000000edcd5970,0x00000000f1700000)
  to   space 74240K, 0% used [0x00000000f4000000,0x00000000f4000000,0x00000000f8880000)
 ParOldGen       total 290816K, used 109354K [0x0000000080000000, 0x0000000091c00000, 0x00000000d5580000)
  object space 290816K, 37% used [0x0000000080000000,0x0000000086aca928,0x0000000091c00000)
 Metaspace       used 163345K, capacity 172100K, committed 172288K, reserved 1200128K
  class space    used 20876K, capacity 22507K, committed 22528K, reserved 1048576K
}

